<?xml version="1.0" encoding="UTF-8"?>
<!-- Generated by org.testng.reporters.JUnitXMLReporter -->
<testsuite ignored="0" hostname="LAPTOP-96V3ECC4" failures="0" tests="3" name="Default test" time="10.862" errors="0" timestamp="2024-01-29T11:20:33 IST">
  <testcase classname="Ravikiran.seleniumframeworkDesign.Addcart" name="submitorder" time="3.478"/>
  <testcase classname="Ravikiran.seleniumframeworkDesign.Addcart" name="submitorder" time="3.289"/>
  <testcase classname="Ravikiran.seleniumframeworkDesign.Addcart" name="oderHistory" time="0.671"/>
</testsuite> <!-- Default test -->
