<?xml version="1.0" encoding="UTF-8"?>
<testng-results ignored="0" total="3" passed="3" failed="0" skipped="0">
  <reporter-output>
  </reporter-output>
  <suite started-at="2024-01-29T11:20:22 IST" name="Default suite" finished-at="2024-01-29T11:20:33 IST" duration-ms="10862">
    <groups>
    </groups>
    <test started-at="2024-01-29T11:20:22 IST" name="Default test" finished-at="2024-01-29T11:20:33 IST" duration-ms="10862">
      <class name="Ravikiran.seleniumframeworkDesign.Addcart">
        <test-method is-config="true" signature="LaunchApplication()[pri:0, instance:Ravikiran.seleniumframeworkDesign.Addcart@6c4906d3]" started-at="2024-01-29T11:20:22 IST" name="LaunchApplication" finished-at="2024-01-29T11:20:25 IST" duration-ms="3224" status="PASS">
          <reporter-output>
          </reporter-output>
        </test-method> <!-- LaunchApplication -->
        <test-method signature="submitorder(java.lang.String,java.lang.String,java.lang.String)[pri:0, instance:Ravikiran.seleniumframeworkDesign.Addcart@6c4906d3]" started-at="2024-01-29T11:20:25 IST" name="submitorder" data-provider="datainput" finished-at="2024-01-29T11:20:29 IST" duration-ms="3478" status="PASS">
          <params>
            <param index="0">
              <value>
                <![CDATA[test@mailsac.com]]>
              </value>
            </param>
            <param index="1">
              <value>
                <![CDATA[Testuser123@]]>
              </value>
            </param>
            <param index="2">
              <value>
                <![CDATA[ADIDAS ORIGINAL]]>
              </value>
            </param>
          </params>
          <reporter-output>
          </reporter-output>
        </test-method> <!-- submitorder -->
        <test-method signature="submitorder(java.lang.String,java.lang.String,java.lang.String)[pri:0, instance:Ravikiran.seleniumframeworkDesign.Addcart@6c4906d3]" started-at="2024-01-29T11:20:29 IST" name="submitorder" data-provider="datainput" finished-at="2024-01-29T11:20:32 IST" duration-ms="3289" status="PASS">
          <params>
            <param index="0">
              <value>
                <![CDATA[ravi@mailsaac.com]]>
              </value>
            </param>
            <param index="1">
              <value>
                <![CDATA[Test123@]]>
              </value>
            </param>
            <param index="2">
              <value>
                <![CDATA[ZARA COAT 3]]>
              </value>
            </param>
          </params>
          <reporter-output>
          </reporter-output>
        </test-method> <!-- submitorder -->
        <test-method signature="oderHistory()[pri:0, instance:Ravikiran.seleniumframeworkDesign.Addcart@6c4906d3]" started-at="2024-01-29T11:20:32 IST" name="oderHistory" finished-at="2024-01-29T11:20:33 IST" depends-on-methods="Ravikiran.seleniumframeworkDesign.Addcart.submitorder" duration-ms="671" status="PASS">
          <reporter-output>
          </reporter-output>
        </test-method> <!-- oderHistory -->
        <test-method is-config="true" signature="quit()[pri:0, instance:Ravikiran.seleniumframeworkDesign.Addcart@6c4906d3]" started-at="2024-01-29T11:20:33 IST" name="quit" finished-at="2024-01-29T11:20:33 IST" duration-ms="147" status="PASS">
          <reporter-output>
          </reporter-output>
        </test-method> <!-- quit -->
      </class> <!-- Ravikiran.seleniumframeworkDesign.Addcart -->
    </test> <!-- Default test -->
  </suite> <!-- Default suite -->
</testng-results>
