<?xml version="1.0" encoding="UTF-8"?>
<testng-results ignored="0" total="1" passed="1" failed="0" skipped="0">
  <reporter-output>
  </reporter-output>
  <suite started-at="2024-01-27T11:40:06 IST" name="Default suite" finished-at="2024-01-27T11:40:12 IST" duration-ms="5929">
    <groups>
    </groups>
    <test started-at="2024-01-27T11:40:06 IST" name="Default test" finished-at="2024-01-27T11:40:12 IST" duration-ms="5929">
      <class name="Ravikiran.seleniumframeworkDesign.Addcart">
        <test-method is-config="true" signature="LaunchApplication()[pri:0, instance:Ravikiran.seleniumframeworkDesign.Addcart@61c4eee0]" started-at="2024-01-27T11:40:06 IST" name="LaunchApplication" finished-at="2024-01-27T11:40:08 IST" duration-ms="2313" status="PASS">
          <reporter-output>
          </reporter-output>
        </test-method> <!-- LaunchApplication -->
        <test-method signature="submitorder()[pri:0, instance:Ravikiran.seleniumframeworkDesign.Addcart@61c4eee0]" started-at="2024-01-27T11:40:09 IST" name="submitorder" finished-at="2024-01-27T11:40:12 IST" duration-ms="3508" status="PASS">
          <reporter-output>
          </reporter-output>
        </test-method> <!-- submitorder -->
        <test-method is-config="true" signature="Closetabs()[pri:0, instance:Ravikiran.seleniumframeworkDesign.Addcart@61c4eee0]" started-at="2024-01-27T11:40:12 IST" name="Closetabs" finished-at="2024-01-27T11:40:12 IST" duration-ms="68" status="PASS">
          <reporter-output>
          </reporter-output>
        </test-method> <!-- Closetabs -->
      </class> <!-- Ravikiran.seleniumframeworkDesign.Addcart -->
    </test> <!-- Default test -->
  </suite> <!-- Default suite -->
</testng-results>
